  [1m[36mUser Load (0.2ms)[0m  [1m[34mSELECT "users".* FROM "users" ORDER BY "users"."id" ASC LIMIT ?[0m  [["LIMIT", 1]]
  [1m[36mUser Load (0.4ms)[0m  [1m[34mSELECT "users".* FROM "users" ORDER BY "users"."id" ASC LIMIT ?[0m  [["LIMIT", 1]]
  [1m[35m (3.4ms)[0m  [1m[35mCREATE TABLE "schema_migrations" ("version" varchar NOT NULL PRIMARY KEY)[0m
  [1m[35m (1.6ms)[0m  [1m[35mCREATE TABLE "ar_internal_metadata" ("key" varchar NOT NULL PRIMARY KEY, "value" varchar, "created_at" datetime(6) NOT NULL, "updated_at" datetime(6) NOT NULL)[0m
  [1m[36mActiveRecord::SchemaMigration Pluck (0.2ms)[0m  [1m[34mSELECT "schema_migrations"."version" FROM "schema_migrations" ORDER BY "schema_migrations"."version" ASC[0m
Migrating to CreateDoorkeeperTables (20220912203659)
  [1m[36mTRANSACTION (0.1ms)[0m  [1m[36mbegin transaction[0m
  [1m[35m (0.6ms)[0m  [1m[35mCREATE TABLE "oauth_applications" ("id" integer PRIMARY KEY AUTOINCREMENT NOT NULL, "name" varchar NOT NULL, "uid" varchar NOT NULL, "secret" varchar NOT NULL, "redirect_uri" text NOT NULL, "scopes" varchar DEFAULT '' NOT NULL, "confidential" boolean DEFAULT 1 NOT NULL, "created_at" datetime(6) NOT NULL, "updated_at" datetime(6) NOT NULL)[0m
  [1m[35m (0.1ms)[0m  [1m[35mCREATE UNIQUE INDEX "index_oauth_applications_on_uid" ON "oauth_applications" ("uid")[0m
  [1m[35m (0.2ms)[0m  [1m[35mCREATE TABLE "oauth_access_grants" ("id" integer PRIMARY KEY AUTOINCREMENT NOT NULL, "resource_owner_id" integer NOT NULL, "application_id" integer NOT NULL, "token" varchar NOT NULL, "expires_in" integer NOT NULL, "redirect_uri" text NOT NULL, "created_at" datetime(6) NOT NULL, "revoked_at" datetime(6), "scopes" varchar DEFAULT '' NOT NULL)[0m
  [1m[35m (0.1ms)[0m  [1m[35mCREATE INDEX "index_oauth_access_grants_on_resource_owner_id" ON "oauth_access_grants" ("resource_owner_id")[0m
  [1m[35m (0.2ms)[0m  [1m[35mCREATE INDEX "index_oauth_access_grants_on_application_id" ON "oauth_access_grants" ("application_id")[0m
  [1m[35m (0.2ms)[0m  [1m[35mCREATE UNIQUE INDEX "index_oauth_access_grants_on_token" ON "oauth_access_grants" ("token")[0m
  [1m[35m (0.0ms)[0m  [1m[35mPRAGMA foreign_keys[0m
  [1m[35m (0.1ms)[0m  [1m[35mPRAGMA defer_foreign_keys[0m
  [1m[35m (0.0ms)[0m  [1m[35mPRAGMA defer_foreign_keys = ON[0m
  [1m[35m (0.1ms)[0m  [1m[35mPRAGMA foreign_keys = OFF[0m
  [1m[35m (0.2ms)[0m  [1m[35mCREATE TEMPORARY TABLE "aoauth_access_grants" ("id" integer NOT NULL PRIMARY KEY, "resource_owner_id" integer NOT NULL, "application_id" integer NOT NULL, "token" varchar NOT NULL, "expires_in" integer NOT NULL, "redirect_uri" text NOT NULL, "created_at" datetime(6) NOT NULL, "revoked_at" datetime(6) DEFAULT NULL, "scopes" varchar DEFAULT '' NOT NULL)[0m
  [1m[35m (0.1ms)[0m  [1m[35mCREATE UNIQUE INDEX "tindex_aoauth_access_grants_on_token" ON "aoauth_access_grants" ("token")[0m
  [1m[35m (0.1ms)[0m  [1m[35mCREATE INDEX "tindex_aoauth_access_grants_on_application_id" ON "aoauth_access_grants" ("application_id")[0m
  [1m[35m (0.1ms)[0m  [1m[35mCREATE INDEX "tindex_aoauth_access_grants_on_resource_owner_id" ON "aoauth_access_grants" ("resource_owner_id")[0m
  [1m[35m (0.1ms)[0m  [1m[32mINSERT INTO "aoauth_access_grants" ("id","resource_owner_id","application_id","token","expires_in","redirect_uri","created_at","revoked_at","scopes")
                     SELECT "id","resource_owner_id","application_id","token","expires_in","redirect_uri","created_at","revoked_at","scopes" FROM "oauth_access_grants"[0m
  [1m[35m (0.2ms)[0m  [1m[35mDROP TABLE "oauth_access_grants"[0m
  [1m[35m (0.4ms)[0m  [1m[35mCREATE TABLE "oauth_access_grants" ("id" integer NOT NULL PRIMARY KEY, "resource_owner_id" integer NOT NULL, "application_id" integer NOT NULL, "token" varchar NOT NULL, "expires_in" integer NOT NULL, "redirect_uri" text NOT NULL, "created_at" datetime(6) NOT NULL, "revoked_at" datetime(6) DEFAULT NULL, "scopes" varchar DEFAULT '' NOT NULL, CONSTRAINT "fk_rails_b4b53e07b8"
FOREIGN KEY ("application_id")
  REFERENCES "oauth_applications" ("id")
)[0m
  [1m[35m (0.1ms)[0m  [1m[35mCREATE INDEX "index_oauth_access_grants_on_resource_owner_id" ON "oauth_access_grants" ("resource_owner_id")[0m
  [1m[35m (0.1ms)[0m  [1m[35mCREATE INDEX "index_oauth_access_grants_on_application_id" ON "oauth_access_grants" ("application_id")[0m
  [1m[35m (0.1ms)[0m  [1m[35mCREATE UNIQUE INDEX "index_oauth_access_grants_on_token" ON "oauth_access_grants" ("token")[0m
  [1m[35m (0.1ms)[0m  [1m[32mINSERT INTO "oauth_access_grants" ("id","resource_owner_id","application_id","token","expires_in","redirect_uri","created_at","revoked_at","scopes")
                     SELECT "id","resource_owner_id","application_id","token","expires_in","redirect_uri","created_at","revoked_at","scopes" FROM "aoauth_access_grants"[0m
  [1m[35m (0.1ms)[0m  [1m[35mDROP TABLE "aoauth_access_grants"[0m
  [1m[35m (0.0ms)[0m  [1m[35mPRAGMA defer_foreign_keys = 0[0m
  [1m[35m (0.0ms)[0m  [1m[35mPRAGMA foreign_keys = 1[0m
  [1m[35m (0.1ms)[0m  [1m[35mCREATE TABLE "oauth_access_tokens" ("id" integer PRIMARY KEY AUTOINCREMENT NOT NULL, "resource_owner_id" integer, "application_id" integer NOT NULL, "token" varchar NOT NULL, "refresh_token" varchar, "expires_in" integer, "revoked_at" datetime(6), "created_at" datetime(6) NOT NULL, "scopes" varchar, "previous_refresh_token" varchar DEFAULT '' NOT NULL)[0m
  [1m[35m (0.1ms)[0m  [1m[35mCREATE INDEX "index_oauth_access_tokens_on_resource_owner_id" ON "oauth_access_tokens" ("resource_owner_id")[0m
  [1m[35m (0.1ms)[0m  [1m[35mCREATE INDEX "index_oauth_access_tokens_on_application_id" ON "oauth_access_tokens" ("application_id")[0m
  [1m[35m (0.1ms)[0m  [1m[35mCREATE UNIQUE INDEX "index_oauth_access_tokens_on_token" ON "oauth_access_tokens" ("token")[0m
  [1m[35m (0.1ms)[0m  [1m[35mCREATE UNIQUE INDEX "index_oauth_access_tokens_on_refresh_token" ON "oauth_access_tokens" ("refresh_token")[0m
  [1m[35m (0.0ms)[0m  [1m[35mPRAGMA foreign_keys[0m
  [1m[35m (0.1ms)[0m  [1m[35mPRAGMA defer_foreign_keys[0m
  [1m[35m (0.0ms)[0m  [1m[35mPRAGMA defer_foreign_keys = ON[0m
  [1m[35m (0.0ms)[0m  [1m[35mPRAGMA foreign_keys = OFF[0m
  [1m[35m (0.2ms)[0m  [1m[35mCREATE TEMPORARY TABLE "aoauth_access_tokens" ("id" integer NOT NULL PRIMARY KEY, "resource_owner_id" integer DEFAULT NULL, "application_id" integer NOT NULL, "token" varchar NOT NULL, "refresh_token" varchar DEFAULT NULL, "expires_in" integer DEFAULT NULL, "revoked_at" datetime(6) DEFAULT NULL, "created_at" datetime(6) NOT NULL, "scopes" varchar DEFAULT NULL, "previous_refresh_token" varchar DEFAULT '' NOT NULL)[0m
  [1m[35m (0.2ms)[0m  [1m[35mCREATE UNIQUE INDEX "tindex_aoauth_access_tokens_on_refresh_token" ON "aoauth_access_tokens" ("refresh_token")[0m
  [1m[35m (0.1ms)[0m  [1m[35mCREATE UNIQUE INDEX "tindex_aoauth_access_tokens_on_token" ON "aoauth_access_tokens" ("token")[0m
  [1m[35m (0.2ms)[0m  [1m[35mCREATE INDEX "tindex_aoauth_access_tokens_on_application_id" ON "aoauth_access_tokens" ("application_id")[0m
  [1m[35m (0.2ms)[0m  [1m[35mCREATE INDEX "tindex_aoauth_access_tokens_on_resource_owner_id" ON "aoauth_access_tokens" ("resource_owner_id")[0m
  [1m[35m (0.1ms)[0m  [1m[32mINSERT INTO "aoauth_access_tokens" ("id","resource_owner_id","application_id","token","refresh_token","expires_in","revoked_at","created_at","scopes","previous_refresh_token")
                     SELECT "id","resource_owner_id","application_id","token","refresh_token","expires_in","revoked_at","created_at","scopes","previous_refresh_token" FROM "oauth_access_tokens"[0m
  [1m[35m (0.3ms)[0m  [1m[35mDROP TABLE "oauth_access_tokens"[0m
  [1m[35m (0.1ms)[0m  [1m[35mCREATE TABLE "oauth_access_tokens" ("id" integer NOT NULL PRIMARY KEY, "resource_owner_id" integer DEFAULT NULL, "application_id" integer NOT NULL, "token" varchar NOT NULL, "refresh_token" varchar DEFAULT NULL, "expires_in" integer DEFAULT NULL, "revoked_at" datetime(6) DEFAULT NULL, "created_at" datetime(6) NOT NULL, "scopes" varchar DEFAULT NULL, "previous_refresh_token" varchar DEFAULT '' NOT NULL, CONSTRAINT "fk_rails_732cb83ab7"
FOREIGN KEY ("application_id")
  REFERENCES "oauth_applications" ("id")
)[0m
  [1m[35m (0.2ms)[0m  [1m[35mCREATE INDEX "index_oauth_access_tokens_on_resource_owner_id" ON "oauth_access_tokens" ("resource_owner_id")[0m
  [1m[35m (0.1ms)[0m  [1m[35mCREATE INDEX "index_oauth_access_tokens_on_application_id" ON "oauth_access_tokens" ("application_id")[0m
  [1m[35m (0.1ms)[0m  [1m[35mCREATE UNIQUE INDEX "index_oauth_access_tokens_on_token" ON "oauth_access_tokens" ("token")[0m
  [1m[35m (0.2ms)[0m  [1m[35mCREATE UNIQUE INDEX "index_oauth_access_tokens_on_refresh_token" ON "oauth_access_tokens" ("refresh_token")[0m
  [1m[35m (0.1ms)[0m  [1m[32mINSERT INTO "oauth_access_tokens" ("id","resource_owner_id","application_id","token","refresh_token","expires_in","revoked_at","created_at","scopes","previous_refresh_token")
                     SELECT "id","resource_owner_id","application_id","token","refresh_token","expires_in","revoked_at","created_at","scopes","previous_refresh_token" FROM "aoauth_access_tokens"[0m
  [1m[35m (0.1ms)[0m  [1m[35mDROP TABLE "aoauth_access_tokens"[0m
  [1m[35m (0.0ms)[0m  [1m[35mPRAGMA defer_foreign_keys = 0[0m
  [1m[35m (0.1ms)[0m  [1m[35mPRAGMA foreign_keys = 1[0m
  [1m[36mActiveRecord::SchemaMigration Create (0.2ms)[0m  [1m[32mINSERT INTO "schema_migrations" ("version") VALUES (?)[0m  [["version", "20220912203659"]]
  [1m[36mTRANSACTION (1.0ms)[0m  [1m[36mcommit transaction[0m
Migrating to DeviseCreateUsers (20220913134049)
  [1m[36mTRANSACTION (0.1ms)[0m  [1m[36mbegin transaction[0m
  [1m[35m (0.4ms)[0m  [1m[35mCREATE TABLE "users" ("id" integer PRIMARY KEY AUTOINCREMENT NOT NULL, "email" varchar DEFAULT '' NOT NULL, "encrypted_password" varchar DEFAULT '' NOT NULL, "reset_password_token" varchar, "reset_password_sent_at" datetime(6), "remember_created_at" datetime(6), "created_at" datetime(6) NOT NULL, "updated_at" datetime(6) NOT NULL)[0m
  [1m[35m (0.1ms)[0m  [1m[35mCREATE UNIQUE INDEX "index_users_on_email" ON "users" ("email")[0m
  [1m[35m (0.1ms)[0m  [1m[35mCREATE UNIQUE INDEX "index_users_on_reset_password_token" ON "users" ("reset_password_token")[0m
  [1m[36mActiveRecord::SchemaMigration Create (0.2ms)[0m  [1m[32mINSERT INTO "schema_migrations" ("version") VALUES (?)[0m  [["version", "20220913134049"]]
  [1m[36mTRANSACTION (1.3ms)[0m  [1m[36mcommit transaction[0m
Migrating to CreateReports (20230112121207)
  [1m[36mActiveRecord::SchemaMigration Pluck (0.1ms)[0m  [1m[34mSELECT "schema_migrations"."version" FROM "schema_migrations" ORDER BY "schema_migrations"."version" ASC[0m
Migrating to CreateReports (20230112121207)
  [1m[36mTRANSACTION (0.1ms)[0m  [1m[36mbegin transaction[0m
  [1m[35m (0.6ms)[0m  [1m[35mCREATE TABLE "reports" ("id" integer PRIMARY KEY AUTOINCREMENT NOT NULL, "reportable_type" varchar NOT NULL, "reportable_id" integer NOT NULL, "reason" varchar NOT NULL, "description" text, "user_id" integer NOT NULL, "created_at" datetime(6) NOT NULL, "updated_at" datetime(6) NOT NULL, CONSTRAINT "fk_rails_c7699d537d"
FOREIGN KEY ("user_id")
  REFERENCES "users" ("id")
)[0m
  [1m[35m (0.2ms)[0m  [1m[35mCREATE INDEX "index_reports_on_reportable" ON "reports" ("reportable_type", "reportable_id")[0m
  [1m[35m (0.1ms)[0m  [1m[35mCREATE INDEX "index_reports_on_user_id" ON "reports" ("user_id")[0m
  [1m[35m (0.1ms)[0m  [1m[35mCREATE UNIQUE INDEX "index_reports_on_user_id_and_reportable_type_and_reportable_id" ON "reports" ("user_id", "reportable_type", "reportable_id")[0m
  [1m[35m (0.2ms)[0m  [1m[35mCREATE INDEX "index_reports_on_user_id" ON "reports" ("user_id")[0m
  [1m[36mTRANSACTION (1.6ms)[0m  [1m[31mrollback transaction[0m
  [1m[36mActiveRecord::SchemaMigration Pluck (0.1ms)[0m  [1m[34mSELECT "schema_migrations"."version" FROM "schema_migrations" ORDER BY "schema_migrations"."version" ASC[0m
  [1m[36mActiveRecord::SchemaMigration Pluck (0.0ms)[0m  [1m[34mSELECT "schema_migrations"."version" FROM "schema_migrations" ORDER BY "schema_migrations"."version" ASC[0m
  [1m[36mActiveRecord::SchemaMigration Pluck (0.0ms)[0m  [1m[34mSELECT "schema_migrations"."version" FROM "schema_migrations" ORDER BY "schema_migrations"."version" ASC[0m
  [1m[36mActiveRecord::SchemaMigration Pluck (0.0ms)[0m  [1m[34mSELECT "schema_migrations"."version" FROM "schema_migrations" ORDER BY "schema_migrations"."version" ASC[0m
Migrating to DeviseCreateUsers (20220913134049)
  [1m[36mTRANSACTION (0.1ms)[0m  [1m[36mbegin transaction[0m
  [1m[35m (0.5ms)[0m  [1m[35mDROP INDEX "index_users_on_reset_password_token"[0m
  [1m[35m (0.2ms)[0m  [1m[35mDROP INDEX "index_users_on_email"[0m
  [1m[35m (0.2ms)[0m  [1m[35mDROP TABLE "users"[0m
  [1m[36mActiveRecord::SchemaMigration Delete All (0.2ms)[0m  [1m[31mDELETE FROM "schema_migrations" WHERE "schema_migrations"."version" = ?[0m  [["version", "20220913134049"]]
  [1m[36mTRANSACTION (1.2ms)[0m  [1m[36mcommit transaction[0m
  [1m[36mActiveRecord::SchemaMigration Pluck (0.1ms)[0m  [1m[34mSELECT "schema_migrations"."version" FROM "schema_migrations" ORDER BY "schema_migrations"."version" ASC[0m
  [1m[36mActiveRecord::SchemaMigration Pluck (0.1ms)[0m  [1m[34mSELECT "schema_migrations"."version" FROM "schema_migrations" ORDER BY "schema_migrations"."version" ASC[0m
  [1m[36mActiveRecord::SchemaMigration Pluck (0.0ms)[0m  [1m[34mSELECT "schema_migrations"."version" FROM "schema_migrations" ORDER BY "schema_migrations"."version" ASC[0m
  [1m[36mActiveRecord::SchemaMigration Pluck (0.0ms)[0m  [1m[34mSELECT "schema_migrations"."version" FROM "schema_migrations" ORDER BY "schema_migrations"."version" ASC[0m
  [1m[36mActiveRecord::SchemaMigration Pluck (0.0ms)[0m  [1m[34mSELECT "schema_migrations"."version" FROM "schema_migrations" ORDER BY "schema_migrations"."version" ASC[0m
Migrating to CreateDoorkeeperTables (20220912203659)
  [1m[36mTRANSACTION (0.1ms)[0m  [1m[36mbegin transaction[0m
  [1m[35m (0.0ms)[0m  [1m[35mPRAGMA foreign_keys[0m
  [1m[35m (0.0ms)[0m  [1m[35mPRAGMA defer_foreign_keys[0m
  [1m[35m (0.0ms)[0m  [1m[35mPRAGMA defer_foreign_keys = ON[0m
  [1m[35m (0.0ms)[0m  [1m[35mPRAGMA foreign_keys = OFF[0m
  [1m[35m (0.3ms)[0m  [1m[35mCREATE TEMPORARY TABLE "aoauth_access_tokens" ("id" integer NOT NULL PRIMARY KEY, "resource_owner_id" integer DEFAULT NULL, "application_id" integer NOT NULL, "token" varchar NOT NULL, "refresh_token" varchar DEFAULT NULL, "expires_in" integer DEFAULT NULL, "revoked_at" datetime(6) DEFAULT NULL, "created_at" datetime(6) NOT NULL, "scopes" varchar DEFAULT NULL, "previous_refresh_token" varchar DEFAULT '' NOT NULL)[0m
  [1m[35m (0.4ms)[0m  [1m[35mCREATE UNIQUE INDEX "tindex_aoauth_access_tokens_on_refresh_token" ON "aoauth_access_tokens" ("refresh_token")[0m
  [1m[35m (0.1ms)[0m  [1m[35mCREATE UNIQUE INDEX "tindex_aoauth_access_tokens_on_token" ON "aoauth_access_tokens" ("token")[0m
  [1m[35m (0.5ms)[0m  [1m[35mCREATE INDEX "tindex_aoauth_access_tokens_on_application_id" ON "aoauth_access_tokens" ("application_id")[0m
  [1m[35m (0.1ms)[0m  [1m[35mCREATE INDEX "tindex_aoauth_access_tokens_on_resource_owner_id" ON "aoauth_access_tokens" ("resource_owner_id")[0m
  [1m[35m (0.1ms)[0m  [1m[32mINSERT INTO "aoauth_access_tokens" ("id","resource_owner_id","application_id","token","refresh_token","expires_in","revoked_at","created_at","scopes","previous_refresh_token")
                     SELECT "id","resource_owner_id","application_id","token","refresh_token","expires_in","revoked_at","created_at","scopes","previous_refresh_token" FROM "oauth_access_tokens"[0m
  [1m[35m (0.8ms)[0m  [1m[35mDROP TABLE "oauth_access_tokens"[0m
  [1m[35m (0.2ms)[0m  [1m[35mCREATE TABLE "oauth_access_tokens" ("id" integer NOT NULL PRIMARY KEY, "resource_owner_id" integer DEFAULT NULL, "application_id" integer NOT NULL, "token" varchar NOT NULL, "refresh_token" varchar DEFAULT NULL, "expires_in" integer DEFAULT NULL, "revoked_at" datetime(6) DEFAULT NULL, "created_at" datetime(6) NOT NULL, "scopes" varchar DEFAULT NULL, "previous_refresh_token" varchar DEFAULT '' NOT NULL)[0m
  [1m[35m (0.1ms)[0m  [1m[35mCREATE INDEX "index_oauth_access_tokens_on_resource_owner_id" ON "oauth_access_tokens" ("resource_owner_id")[0m
  [1m[35m (0.1ms)[0m  [1m[35mCREATE INDEX "index_oauth_access_tokens_on_application_id" ON "oauth_access_tokens" ("application_id")[0m
  [1m[35m (0.1ms)[0m  [1m[35mCREATE UNIQUE INDEX "index_oauth_access_tokens_on_token" ON "oauth_access_tokens" ("token")[0m
  [1m[35m (0.1ms)[0m  [1m[35mCREATE UNIQUE INDEX "index_oauth_access_tokens_on_refresh_token" ON "oauth_access_tokens" ("refresh_token")[0m
  [1m[35m (0.1ms)[0m  [1m[32mINSERT INTO "oauth_access_tokens" ("id","resource_owner_id","application_id","token","refresh_token","expires_in","revoked_at","created_at","scopes","previous_refresh_token")
                     SELECT "id","resource_owner_id","application_id","token","refresh_token","expires_in","revoked_at","created_at","scopes","previous_refresh_token" FROM "aoauth_access_tokens"[0m
  [1m[35m (0.1ms)[0m  [1m[35mDROP TABLE "aoauth_access_tokens"[0m
  [1m[35m (0.0ms)[0m  [1m[35mPRAGMA defer_foreign_keys = 0[0m
  [1m[35m (0.0ms)[0m  [1m[35mPRAGMA foreign_keys = 1[0m
  [1m[35m (0.6ms)[0m  [1m[35mDROP INDEX "index_oauth_access_tokens_on_refresh_token"[0m
  [1m[35m (0.1ms)[0m  [1m[35mDROP INDEX "index_oauth_access_tokens_on_token"[0m
  [1m[35m (0.1ms)[0m  [1m[35mDROP TABLE "oauth_access_tokens"[0m
  [1m[35m (0.0ms)[0m  [1m[35mPRAGMA foreign_keys[0m
  [1m[35m (0.1ms)[0m  [1m[35mPRAGMA defer_foreign_keys[0m
  [1m[35m (0.1ms)[0m  [1m[35mPRAGMA defer_foreign_keys = ON[0m
  [1m[35m (0.0ms)[0m  [1m[35mPRAGMA foreign_keys = OFF[0m
  [1m[35m (0.2ms)[0m  [1m[35mCREATE TEMPORARY TABLE "aoauth_access_grants" ("id" integer NOT NULL PRIMARY KEY, "resource_owner_id" integer NOT NULL, "application_id" integer NOT NULL, "token" varchar NOT NULL, "expires_in" integer NOT NULL, "redirect_uri" text NOT NULL, "created_at" datetime(6) NOT NULL, "revoked_at" datetime(6) DEFAULT NULL, "scopes" varchar DEFAULT '' NOT NULL)[0m
  [1m[35m (0.1ms)[0m  [1m[35mCREATE UNIQUE INDEX "tindex_aoauth_access_grants_on_token" ON "aoauth_access_grants" ("token")[0m
  [1m[35m (0.1ms)[0m  [1m[35mCREATE INDEX "tindex_aoauth_access_grants_on_application_id" ON "aoauth_access_grants" ("application_id")[0m
  [1m[35m (0.1ms)[0m  [1m[35mCREATE INDEX "tindex_aoauth_access_grants_on_resource_owner_id" ON "aoauth_access_grants" ("resource_owner_id")[0m
  [1m[35m (0.1ms)[0m  [1m[32mINSERT INTO "aoauth_access_grants" ("id","resource_owner_id","application_id","token","expires_in","redirect_uri","created_at","revoked_at","scopes")
                     SELECT "id","resource_owner_id","application_id","token","expires_in","redirect_uri","created_at","revoked_at","scopes" FROM "oauth_access_grants"[0m
  [1m[35m (0.2ms)[0m  [1m[35mDROP TABLE "oauth_access_grants"[0m
  [1m[35m (0.1ms)[0m  [1m[35mCREATE TABLE "oauth_access_grants" ("id" integer NOT NULL PRIMARY KEY, "resource_owner_id" integer NOT NULL, "application_id" integer NOT NULL, "token" varchar NOT NULL, "expires_in" integer NOT NULL, "redirect_uri" text NOT NULL, "created_at" datetime(6) NOT NULL, "revoked_at" datetime(6) DEFAULT NULL, "scopes" varchar DEFAULT '' NOT NULL)[0m
  [1m[35m (0.1ms)[0m  [1m[35mCREATE INDEX "index_oauth_access_grants_on_resource_owner_id" ON "oauth_access_grants" ("resource_owner_id")[0m
  [1m[35m (0.1ms)[0m  [1m[35mCREATE INDEX "index_oauth_access_grants_on_application_id" ON "oauth_access_grants" ("application_id")[0m
  [1m[35m (0.1ms)[0m  [1m[35mCREATE UNIQUE INDEX "index_oauth_access_grants_on_token" ON "oauth_access_grants" ("token")[0m
  [1m[35m (0.1ms)[0m  [1m[32mINSERT INTO "oauth_access_grants" ("id","resource_owner_id","application_id","token","expires_in","redirect_uri","created_at","revoked_at","scopes")
                     SELECT "id","resource_owner_id","application_id","token","expires_in","redirect_uri","created_at","revoked_at","scopes" FROM "aoauth_access_grants"[0m
  [1m[35m (2.0ms)[0m  [1m[35mDROP TABLE "aoauth_access_grants"[0m
  [1m[35m (0.1ms)[0m  [1m[35mPRAGMA defer_foreign_keys = 0[0m
  [1m[35m (0.1ms)[0m  [1m[35mPRAGMA foreign_keys = 1[0m
  [1m[35m (0.1ms)[0m  [1m[35mDROP INDEX "index_oauth_access_grants_on_token"[0m
  [1m[35m (0.1ms)[0m  [1m[35mDROP TABLE "oauth_access_grants"[0m
  [1m[35m (0.2ms)[0m  [1m[35mDROP INDEX "index_oauth_applications_on_uid"[0m
  [1m[35m (0.3ms)[0m  [1m[35mDROP TABLE "oauth_applications"[0m
  [1m[36mActiveRecord::SchemaMigration Delete All (0.2ms)[0m  [1m[31mDELETE FROM "schema_migrations" WHERE "schema_migrations"."version" = ?[0m  [["version", "20220912203659"]]
  [1m[36mTRANSACTION (2.3ms)[0m  [1m[36mcommit transaction[0m
  [1m[36mActiveRecord::SchemaMigration Pluck (0.1ms)[0m  [1m[34mSELECT "schema_migrations"."version" FROM "schema_migrations" ORDER BY "schema_migrations"."version" ASC[0m
  [1m[36mActiveRecord::SchemaMigration Pluck (0.2ms)[0m  [1m[34mSELECT "schema_migrations"."version" FROM "schema_migrations" ORDER BY "schema_migrations"."version" ASC[0m
Migrating to CreateDoorkeeperTables (20220912203659)
  [1m[36mTRANSACTION (0.1ms)[0m  [1m[36mbegin transaction[0m
  [1m[35m (0.9ms)[0m  [1m[35mCREATE TABLE "oauth_applications" ("id" integer PRIMARY KEY AUTOINCREMENT NOT NULL, "name" varchar NOT NULL, "uid" varchar NOT NULL, "secret" varchar NOT NULL, "redirect_uri" text NOT NULL, "scopes" varchar DEFAULT '' NOT NULL, "confidential" boolean DEFAULT 1 NOT NULL, "created_at" datetime(6) NOT NULL, "updated_at" datetime(6) NOT NULL)[0m
  [1m[35m (0.2ms)[0m  [1m[35mCREATE UNIQUE INDEX "index_oauth_applications_on_uid" ON "oauth_applications" ("uid")[0m
  [1m[35m (0.2ms)[0m  [1m[35mCREATE TABLE "oauth_access_grants" ("id" integer PRIMARY KEY AUTOINCREMENT NOT NULL, "resource_owner_id" integer NOT NULL, "application_id" integer NOT NULL, "token" varchar NOT NULL, "expires_in" integer NOT NULL, "redirect_uri" text NOT NULL, "created_at" datetime(6) NOT NULL, "revoked_at" datetime(6), "scopes" varchar DEFAULT '' NOT NULL)[0m
  [1m[35m (0.1ms)[0m  [1m[35mCREATE INDEX "index_oauth_access_grants_on_resource_owner_id" ON "oauth_access_grants" ("resource_owner_id")[0m
  [1m[35m (0.1ms)[0m  [1m[35mCREATE INDEX "index_oauth_access_grants_on_application_id" ON "oauth_access_grants" ("application_id")[0m
  [1m[35m (0.1ms)[0m  [1m[35mCREATE UNIQUE INDEX "index_oauth_access_grants_on_token" ON "oauth_access_grants" ("token")[0m
  [1m[35m (0.0ms)[0m  [1m[35mPRAGMA foreign_keys[0m
  [1m[35m (0.0ms)[0m  [1m[35mPRAGMA defer_foreign_keys[0m
  [1m[35m (0.1ms)[0m  [1m[35mPRAGMA defer_foreign_keys = ON[0m
  [1m[35m (0.1ms)[0m  [1m[35mPRAGMA foreign_keys = OFF[0m
  [1m[35m (0.2ms)[0m  [1m[35mCREATE TEMPORARY TABLE "aoauth_access_grants" ("id" integer NOT NULL PRIMARY KEY, "resource_owner_id" integer NOT NULL, "application_id" integer NOT NULL, "token" varchar NOT NULL, "expires_in" integer NOT NULL, "redirect_uri" text NOT NULL, "created_at" datetime(6) NOT NULL, "revoked_at" datetime(6) DEFAULT NULL, "scopes" varchar DEFAULT '' NOT NULL)[0m
  [1m[35m (0.1ms)[0m  [1m[35mCREATE UNIQUE INDEX "tindex_aoauth_access_grants_on_token" ON "aoauth_access_grants" ("token")[0m
  [1m[35m (0.1ms)[0m  [1m[35mCREATE INDEX "tindex_aoauth_access_grants_on_application_id" ON "aoauth_access_grants" ("application_id")[0m
  [1m[35m (0.1ms)[0m  [1m[35mCREATE INDEX "tindex_aoauth_access_grants_on_resource_owner_id" ON "aoauth_access_grants" ("resource_owner_id")[0m
  [1m[35m (0.1ms)[0m  [1m[32mINSERT INTO "aoauth_access_grants" ("id","resource_owner_id","application_id","token","expires_in","redirect_uri","created_at","revoked_at","scopes")
                     SELECT "id","resource_owner_id","application_id","token","expires_in","redirect_uri","created_at","revoked_at","scopes" FROM "oauth_access_grants"[0m
  [1m[35m (0.3ms)[0m  [1m[35mDROP TABLE "oauth_access_grants"[0m
  [1m[35m (0.1ms)[0m  [1m[35mCREATE TABLE "oauth_access_grants" ("id" integer NOT NULL PRIMARY KEY, "resource_owner_id" integer NOT NULL, "application_id" integer NOT NULL, "token" varchar NOT NULL, "expires_in" integer NOT NULL, "redirect_uri" text NOT NULL, "created_at" datetime(6) NOT NULL, "revoked_at" datetime(6) DEFAULT NULL, "scopes" varchar DEFAULT '' NOT NULL, CONSTRAINT "fk_rails_b4b53e07b8"
FOREIGN KEY ("application_id")
  REFERENCES "oauth_applications" ("id")
)[0m
  [1m[35m (0.1ms)[0m  [1m[35mCREATE INDEX "index_oauth_access_grants_on_resource_owner_id" ON "oauth_access_grants" ("resource_owner_id")[0m
  [1m[35m (0.1ms)[0m  [1m[35mCREATE INDEX "index_oauth_access_grants_on_application_id" ON "oauth_access_grants" ("application_id")[0m
  [1m[35m (0.1ms)[0m  [1m[35mCREATE UNIQUE INDEX "index_oauth_access_grants_on_token" ON "oauth_access_grants" ("token")[0m
  [1m[35m (0.1ms)[0m  [1m[32mINSERT INTO "oauth_access_grants" ("id","resource_owner_id","application_id","token","expires_in","redirect_uri","created_at","revoked_at","scopes")
                     SELECT "id","resource_owner_id","application_id","token","expires_in","redirect_uri","created_at","revoked_at","scopes" FROM "aoauth_access_grants"[0m
  [1m[35m (0.2ms)[0m  [1m[35mDROP TABLE "aoauth_access_grants"[0m
  [1m[35m (0.0ms)[0m  [1m[35mPRAGMA defer_foreign_keys = 0[0m
  [1m[35m (0.0ms)[0m  [1m[35mPRAGMA foreign_keys = 1[0m
  [1m[35m (0.2ms)[0m  [1m[35mCREATE TABLE "oauth_access_tokens" ("id" integer PRIMARY KEY AUTOINCREMENT NOT NULL, "resource_owner_id" integer, "application_id" integer NOT NULL, "token" varchar NOT NULL, "refresh_token" varchar, "expires_in" integer, "revoked_at" datetime(6), "created_at" datetime(6) NOT NULL, "scopes" varchar, "previous_refresh_token" varchar DEFAULT '' NOT NULL)[0m
  [1m[35m (0.2ms)[0m  [1m[35mCREATE INDEX "index_oauth_access_tokens_on_resource_owner_id" ON "oauth_access_tokens" ("resource_owner_id")[0m
  [1m[35m (0.1ms)[0m  [1m[35mCREATE INDEX "index_oauth_access_tokens_on_application_id" ON "oauth_access_tokens" ("application_id")[0m
  [1m[35m (0.1ms)[0m  [1m[35mCREATE UNIQUE INDEX "index_oauth_access_tokens_on_token" ON "oauth_access_tokens" ("token")[0m
  [1m[35m (0.1ms)[0m  [1m[35mCREATE UNIQUE INDEX "index_oauth_access_tokens_on_refresh_token" ON "oauth_access_tokens" ("refresh_token")[0m
  [1m[35m (0.0ms)[0m  [1m[35mPRAGMA foreign_keys[0m
  [1m[35m (0.0ms)[0m  [1m[35mPRAGMA defer_foreign_keys[0m
  [1m[35m (0.0ms)[0m  [1m[35mPRAGMA defer_foreign_keys = ON[0m
  [1m[35m (0.0ms)[0m  [1m[35mPRAGMA foreign_keys = OFF[0m
  [1m[35m (0.3ms)[0m  [1m[35mCREATE TEMPORARY TABLE "aoauth_access_tokens" ("id" integer NOT NULL PRIMARY KEY, "resource_owner_id" integer DEFAULT NULL, "application_id" integer NOT NULL, "token" varchar NOT NULL, "refresh_token" varchar DEFAULT NULL, "expires_in" integer DEFAULT NULL, "revoked_at" datetime(6) DEFAULT NULL, "created_at" datetime(6) NOT NULL, "scopes" varchar DEFAULT NULL, "previous_refresh_token" varchar DEFAULT '' NOT NULL)[0m
  [1m[35m (0.1ms)[0m  [1m[35mCREATE UNIQUE INDEX "tindex_aoauth_access_tokens_on_refresh_token" ON "aoauth_access_tokens" ("refresh_token")[0m
  [1m[35m (0.1ms)[0m  [1m[35mCREATE UNIQUE INDEX "tindex_aoauth_access_tokens_on_token" ON "aoauth_access_tokens" ("token")[0m
  [1m[35m (0.1ms)[0m  [1m[35mCREATE INDEX "tindex_aoauth_access_tokens_on_application_id" ON "aoauth_access_tokens" ("application_id")[0m
  [1m[35m (0.1ms)[0m  [1m[35mCREATE INDEX "tindex_aoauth_access_tokens_on_resource_owner_id" ON "aoauth_access_tokens" ("resource_owner_id")[0m
  [1m[35m (0.1ms)[0m  [1m[32mINSERT INTO "aoauth_access_tokens" ("id","resource_owner_id","application_id","token","refresh_token","expires_in","revoked_at","created_at","scopes","previous_refresh_token")
                     SELECT "id","resource_owner_id","application_id","token","refresh_token","expires_in","revoked_at","created_at","scopes","previous_refresh_token" FROM "oauth_access_tokens"[0m
  [1m[35m (0.3ms)[0m  [1m[35mDROP TABLE "oauth_access_tokens"[0m
  [1m[35m (0.2ms)[0m  [1m[35mCREATE TABLE "oauth_access_tokens" ("id" integer NOT NULL PRIMARY KEY, "resource_owner_id" integer DEFAULT NULL, "application_id" integer NOT NULL, "token" varchar NOT NULL, "refresh_token" varchar DEFAULT NULL, "expires_in" integer DEFAULT NULL, "revoked_at" datetime(6) DEFAULT NULL, "created_at" datetime(6) NOT NULL, "scopes" varchar DEFAULT NULL, "previous_refresh_token" varchar DEFAULT '' NOT NULL, CONSTRAINT "fk_rails_732cb83ab7"
FOREIGN KEY ("application_id")
  REFERENCES "oauth_applications" ("id")
)[0m
  [1m[35m (0.3ms)[0m  [1m[35mCREATE INDEX "index_oauth_access_tokens_on_resource_owner_id" ON "oauth_access_tokens" ("resource_owner_id")[0m
  [1m[35m (0.1ms)[0m  [1m[35mCREATE INDEX "index_oauth_access_tokens_on_application_id" ON "oauth_access_tokens" ("application_id")[0m
  [1m[35m (0.2ms)[0m  [1m[35mCREATE UNIQUE INDEX "index_oauth_access_tokens_on_token" ON "oauth_access_tokens" ("token")[0m
  [1m[35m (0.2ms)[0m  [1m[35mCREATE UNIQUE INDEX "index_oauth_access_tokens_on_refresh_token" ON "oauth_access_tokens" ("refresh_token")[0m
  [1m[35m (0.1ms)[0m  [1m[32mINSERT INTO "oauth_access_tokens" ("id","resource_owner_id","application_id","token","refresh_token","expires_in","revoked_at","created_at","scopes","previous_refresh_token")
                     SELECT "id","resource_owner_id","application_id","token","refresh_token","expires_in","revoked_at","created_at","scopes","previous_refresh_token" FROM "aoauth_access_tokens"[0m
  [1m[35m (0.2ms)[0m  [1m[35mDROP TABLE "aoauth_access_tokens"[0m
  [1m[35m (0.0ms)[0m  [1m[35mPRAGMA defer_foreign_keys = 0[0m
  [1m[35m (0.0ms)[0m  [1m[35mPRAGMA foreign_keys = 1[0m
  [1m[36mActiveRecord::SchemaMigration Create (0.2ms)[0m  [1m[32mINSERT INTO "schema_migrations" ("version") VALUES (?)[0m  [["version", "20220912203659"]]
  [1m[36mTRANSACTION (2.2ms)[0m  [1m[36mcommit transaction[0m
Migrating to DeviseCreateUsers (20220913134049)
  [1m[36mTRANSACTION (0.1ms)[0m  [1m[36mbegin transaction[0m
  [1m[35m (0.5ms)[0m  [1m[35mCREATE TABLE "users" ("id" integer PRIMARY KEY AUTOINCREMENT NOT NULL, "email" varchar DEFAULT '' NOT NULL, "encrypted_password" varchar DEFAULT '' NOT NULL, "reset_password_token" varchar, "reset_password_sent_at" datetime(6), "remember_created_at" datetime(6), "created_at" datetime(6) NOT NULL, "updated_at" datetime(6) NOT NULL)[0m
  [1m[35m (0.1ms)[0m  [1m[35mCREATE UNIQUE INDEX "index_users_on_email" ON "users" ("email")[0m
  [1m[35m (0.1ms)[0m  [1m[35mCREATE UNIQUE INDEX "index_users_on_reset_password_token" ON "users" ("reset_password_token")[0m
  [1m[36mActiveRecord::SchemaMigration Create (0.2ms)[0m  [1m[32mINSERT INTO "schema_migrations" ("version") VALUES (?)[0m  [["version", "20220913134049"]]
  [1m[36mTRANSACTION (0.9ms)[0m  [1m[36mcommit transaction[0m
Migrating to CreateReports (20230112121207)
  [1m[36mTRANSACTION (0.0ms)[0m  [1m[36mbegin transaction[0m
  [1m[35m (0.6ms)[0m  [1m[35mCREATE TABLE "reports" ("id" integer PRIMARY KEY AUTOINCREMENT NOT NULL, "reportable_type" varchar NOT NULL, "reportable_id" integer NOT NULL, "reason" varchar NOT NULL, "description" text, "user_id" integer NOT NULL, "created_at" datetime(6) NOT NULL, "updated_at" datetime(6) NOT NULL, CONSTRAINT "fk_rails_c7699d537d"
FOREIGN KEY ("user_id")
  REFERENCES "users" ("id")
)[0m
  [1m[35m (0.1ms)[0m  [1m[35mCREATE INDEX "index_reports_on_reportable" ON "reports" ("reportable_type", "reportable_id")[0m
  [1m[35m (0.3ms)[0m  [1m[35mCREATE INDEX "index_reports_on_user_id" ON "reports" ("user_id")[0m
  [1m[35m (0.1ms)[0m  [1m[35mCREATE UNIQUE INDEX "index_reports_on_user_id_and_reportable_type_and_reportable_id" ON "reports" ("user_id", "reportable_type", "reportable_id")[0m
  [1m[35m (0.2ms)[0m  [1m[35mCREATE INDEX "index_reports_on_user_id" ON "reports" ("user_id")[0m
  [1m[36mTRANSACTION (0.4ms)[0m  [1m[31mrollback transaction[0m
  [1m[36mActiveRecord::SchemaMigration Pluck (0.1ms)[0m  [1m[34mSELECT "schema_migrations"."version" FROM "schema_migrations" ORDER BY "schema_migrations"."version" ASC[0m
  [1m[36mActiveRecord::InternalMetadata Pluck (0.1ms)[0m  [1m[34mSELECT "ar_internal_metadata"."value" FROM "ar_internal_metadata" WHERE "ar_internal_metadata"."key" = ? LIMIT ?[0m  [["key", "environment"], ["LIMIT", 1]]
  [1m[36mActiveRecord::SchemaMigration Pluck (0.1ms)[0m  [1m[34mSELECT "schema_migrations"."version" FROM "schema_migrations" ORDER BY "schema_migrations"."version" ASC[0m
Migrating to CreateReports (20230112121207)
  [1m[36mTRANSACTION (0.1ms)[0m  [1m[36mbegin transaction[0m
  [1m[35m (0.5ms)[0m  [1m[35mCREATE TABLE "reports" ("id" integer PRIMARY KEY AUTOINCREMENT NOT NULL, "reportable_type" varchar NOT NULL, "reportable_id" integer NOT NULL, "reason" varchar NOT NULL, "description" text, "user_id" integer NOT NULL, "created_at" datetime(6) NOT NULL, "updated_at" datetime(6) NOT NULL, CONSTRAINT "fk_rails_c7699d537d"
FOREIGN KEY ("user_id")
  REFERENCES "users" ("id")
)[0m
  [1m[35m (0.2ms)[0m  [1m[35mCREATE INDEX "index_reports_on_reportable" ON "reports" ("reportable_type", "reportable_id")[0m
  [1m[35m (0.3ms)[0m  [1m[35mCREATE INDEX "index_reports_on_user_id" ON "reports" ("user_id")[0m
  [1m[35m (0.1ms)[0m  [1m[35mCREATE UNIQUE INDEX "index_reports_on_user_id_and_reportable_type_and_reportable_id" ON "reports" ("user_id", "reportable_type", "reportable_id")[0m
  [1m[35m (0.2ms)[0m  [1m[35mCREATE INDEX "index_reports_on_user_id" ON "reports" ("user_id")[0m
  [1m[36mTRANSACTION (1.8ms)[0m  [1m[31mrollback transaction[0m
  [1m[36mActiveRecord::SchemaMigration Pluck (0.3ms)[0m  [1m[34mSELECT "schema_migrations"."version" FROM "schema_migrations" ORDER BY "schema_migrations"."version" ASC[0m
  [1m[36mActiveRecord::InternalMetadata Pluck (0.1ms)[0m  [1m[34mSELECT "ar_internal_metadata"."value" FROM "ar_internal_metadata" WHERE "ar_internal_metadata"."key" = ? LIMIT ?[0m  [["key", "environment"], ["LIMIT", 1]]
  [1m[36mActiveRecord::InternalMetadata Load (0.1ms)[0m  [1m[34mSELECT "ar_internal_metadata".* FROM "ar_internal_metadata" WHERE "ar_internal_metadata"."key" = ? LIMIT ?[0m  [["key", "environment"], ["LIMIT", 1]]
  [1m[36mTRANSACTION (0.0ms)[0m  [1m[36mbegin transaction[0m
  [1m[36mActiveRecord::InternalMetadata Create (0.3ms)[0m  [1m[32mINSERT INTO "ar_internal_metadata" ("key", "value", "created_at", "updated_at") VALUES (?, ?, ?, ?)[0m  [["key", "environment"], ["value", "development"], ["created_at", "2023-01-12 18:03:18.727390"], ["updated_at", "2023-01-12 18:03:18.727390"]]
  [1m[36mTRANSACTION (3.3ms)[0m  [1m[36mcommit transaction[0m
  [1m[36mActiveRecord::SchemaMigration Pluck (0.1ms)[0m  [1m[34mSELECT "schema_migrations"."version" FROM "schema_migrations" ORDER BY "schema_migrations"."version" ASC[0m
  [1m[36mActiveRecord::InternalMetadata Pluck (0.1ms)[0m  [1m[34mSELECT "ar_internal_metadata"."value" FROM "ar_internal_metadata" WHERE "ar_internal_metadata"."key" = ? LIMIT ?[0m  [["key", "environment"], ["LIMIT", 1]]
  [1m[36mActiveRecord::SchemaMigration Pluck (0.0ms)[0m  [1m[34mSELECT "schema_migrations"."version" FROM "schema_migrations" ORDER BY "schema_migrations"."version" ASC[0m
  [1m[36mActiveRecord::InternalMetadata Pluck (0.1ms)[0m  [1m[34mSELECT "ar_internal_metadata"."value" FROM "ar_internal_metadata" WHERE "ar_internal_metadata"."key" = ? LIMIT ?[0m  [["key", "environment"], ["LIMIT", 1]]
  [1m[36mActiveRecord::SchemaMigration Pluck (0.0ms)[0m  [1m[34mSELECT "schema_migrations"."version" FROM "schema_migrations" ORDER BY "schema_migrations"."version" ASC[0m
  [1m[36mActiveRecord::InternalMetadata Pluck (0.0ms)[0m  [1m[34mSELECT "ar_internal_metadata"."value" FROM "ar_internal_metadata" WHERE "ar_internal_metadata"."key" = ? LIMIT ?[0m  [["key", "environment"], ["LIMIT", 1]]
  [1m[35m (2.8ms)[0m  [1m[35mCREATE TABLE "schema_migrations" ("version" varchar NOT NULL PRIMARY KEY)[0m
  [1m[35m (1.0ms)[0m  [1m[35mCREATE TABLE "ar_internal_metadata" ("key" varchar NOT NULL PRIMARY KEY, "value" varchar, "created_at" datetime(6) NOT NULL, "updated_at" datetime(6) NOT NULL)[0m
  [1m[36mActiveRecord::SchemaMigration Pluck (0.2ms)[0m  [1m[34mSELECT "schema_migrations"."version" FROM "schema_migrations" ORDER BY "schema_migrations"."version" ASC[0m
Migrating to CreateDoorkeeperTables (20220912203659)
  [1m[36mTRANSACTION (0.1ms)[0m  [1m[36mbegin transaction[0m
  [1m[35m (0.4ms)[0m  [1m[35mCREATE TABLE "oauth_applications" ("id" integer PRIMARY KEY AUTOINCREMENT NOT NULL, "name" varchar NOT NULL, "uid" varchar NOT NULL, "secret" varchar NOT NULL, "redirect_uri" text NOT NULL, "scopes" varchar DEFAULT '' NOT NULL, "confidential" boolean DEFAULT 1 NOT NULL, "created_at" datetime(6) NOT NULL, "updated_at" datetime(6) NOT NULL)[0m
  [1m[35m (0.1ms)[0m  [1m[35mCREATE UNIQUE INDEX "index_oauth_applications_on_uid" ON "oauth_applications" ("uid")[0m
  [1m[35m (0.1ms)[0m  [1m[35mCREATE TABLE "oauth_access_grants" ("id" integer PRIMARY KEY AUTOINCREMENT NOT NULL, "resource_owner_id" integer NOT NULL, "application_id" integer NOT NULL, "token" varchar NOT NULL, "expires_in" integer NOT NULL, "redirect_uri" text NOT NULL, "created_at" datetime(6) NOT NULL, "revoked_at" datetime(6), "scopes" varchar DEFAULT '' NOT NULL)[0m
  [1m[35m (0.1ms)[0m  [1m[35mCREATE INDEX "index_oauth_access_grants_on_resource_owner_id" ON "oauth_access_grants" ("resource_owner_id")[0m
  [1m[35m (0.1ms)[0m  [1m[35mCREATE INDEX "index_oauth_access_grants_on_application_id" ON "oauth_access_grants" ("application_id")[0m
  [1m[35m (0.1ms)[0m  [1m[35mCREATE UNIQUE INDEX "index_oauth_access_grants_on_token" ON "oauth_access_grants" ("token")[0m
  [1m[35m (0.0ms)[0m  [1m[35mPRAGMA foreign_keys[0m
  [1m[35m (0.2ms)[0m  [1m[35mPRAGMA defer_foreign_keys[0m
  [1m[35m (0.1ms)[0m  [1m[35mPRAGMA defer_foreign_keys = ON[0m
  [1m[35m (0.0ms)[0m  [1m[35mPRAGMA foreign_keys = OFF[0m
  [1m[35m (0.2ms)[0m  [1m[35mCREATE TEMPORARY TABLE "aoauth_access_grants" ("id" integer NOT NULL PRIMARY KEY, "resource_owner_id" integer NOT NULL, "application_id" integer NOT NULL, "token" varchar NOT NULL, "expires_in" integer NOT NULL, "redirect_uri" text NOT NULL, "created_at" datetime(6) NOT NULL, "revoked_at" datetime(6) DEFAULT NULL, "scopes" varchar DEFAULT '' NOT NULL)[0m
  [1m[35m (0.2ms)[0m  [1m[35mCREATE UNIQUE INDEX "tindex_aoauth_access_grants_on_token" ON "aoauth_access_grants" ("token")[0m
  [1m[35m (0.1ms)[0m  [1m[35mCREATE INDEX "tindex_aoauth_access_grants_on_application_id" ON "aoauth_access_grants" ("application_id")[0m
  [1m[35m (0.1ms)[0m  [1m[35mCREATE INDEX "tindex_aoauth_access_grants_on_resource_owner_id" ON "aoauth_access_grants" ("resource_owner_id")[0m
  [1m[35m (0.1ms)[0m  [1m[32mINSERT INTO "aoauth_access_grants" ("id","resource_owner_id","application_id","token","expires_in","redirect_uri","created_at","revoked_at","scopes")
                     SELECT "id","resource_owner_id","application_id","token","expires_in","redirect_uri","created_at","revoked_at","scopes" FROM "oauth_access_grants"[0m
  [1m[35m (0.3ms)[0m  [1m[35mDROP TABLE "oauth_access_grants"[0m
  [1m[35m (0.1ms)[0m  [1m[35mCREATE TABLE "oauth_access_grants" ("id" integer NOT NULL PRIMARY KEY, "resource_owner_id" integer NOT NULL, "application_id" integer NOT NULL, "token" varchar NOT NULL, "expires_in" integer NOT NULL, "redirect_uri" text NOT NULL, "created_at" datetime(6) NOT NULL, "revoked_at" datetime(6) DEFAULT NULL, "scopes" varchar DEFAULT '' NOT NULL, CONSTRAINT "fk_rails_b4b53e07b8"
FOREIGN KEY ("application_id")
  REFERENCES "oauth_applications" ("id")
)[0m
  [1m[35m (0.1ms)[0m  [1m[35mCREATE INDEX "index_oauth_access_grants_on_resource_owner_id" ON "oauth_access_grants" ("resource_owner_id")[0m
  [1m[35m (0.1ms)[0m  [1m[35mCREATE INDEX "index_oauth_access_grants_on_application_id" ON "oauth_access_grants" ("application_id")[0m
  [1m[35m (0.1ms)[0m  [1m[35mCREATE UNIQUE INDEX "index_oauth_access_grants_on_token" ON "oauth_access_grants" ("token")[0m
  [1m[35m (0.1ms)[0m  [1m[32mINSERT INTO "oauth_access_grants" ("id","resource_owner_id","application_id","token","expires_in","redirect_uri","created_at","revoked_at","scopes")
                     SELECT "id","resource_owner_id","application_id","token","expires_in","redirect_uri","created_at","revoked_at","scopes" FROM "aoauth_access_grants"[0m
  [1m[35m (0.1ms)[0m  [1m[35mDROP TABLE "aoauth_access_grants"[0m
  [1m[35m (0.1ms)[0m  [1m[35mPRAGMA defer_foreign_keys = 0[0m
  [1m[35m (0.1ms)[0m  [1m[35mPRAGMA foreign_keys = 1[0m
  [1m[35m (0.2ms)[0m  [1m[35mCREATE TABLE "oauth_access_tokens" ("id" integer PRIMARY KEY AUTOINCREMENT NOT NULL, "resource_owner_id" integer, "application_id" integer NOT NULL, "token" varchar NOT NULL, "refresh_token" varchar, "expires_in" integer, "revoked_at" datetime(6), "created_at" datetime(6) NOT NULL, "scopes" varchar, "previous_refresh_token" varchar DEFAULT '' NOT NULL)[0m
  [1m[35m (0.1ms)[0m  [1m[35mCREATE INDEX "index_oauth_access_tokens_on_resource_owner_id" ON "oauth_access_tokens" ("resource_owner_id")[0m
  [1m[35m (0.2ms)[0m  [1m[35mCREATE INDEX "index_oauth_access_tokens_on_application_id" ON "oauth_access_tokens" ("application_id")[0m
  [1m[35m (0.8ms)[0m  [1m[35mCREATE UNIQUE INDEX "index_oauth_access_tokens_on_token" ON "oauth_access_tokens" ("token")[0m
  [1m[35m (0.6ms)[0m  [1m[35mCREATE UNIQUE INDEX "index_oauth_access_tokens_on_refresh_token" ON "oauth_access_tokens" ("refresh_token")[0m
  [1m[35m (0.0ms)[0m  [1m[35mPRAGMA foreign_keys[0m
  [1m[35m (0.0ms)[0m  [1m[35mPRAGMA defer_foreign_keys[0m
  [1m[35m (0.0ms)[0m  [1m[35mPRAGMA defer_foreign_keys = ON[0m
  [1m[35m (0.0ms)[0m  [1m[35mPRAGMA foreign_keys = OFF[0m
  [1m[35m (0.1ms)[0m  [1m[35mCREATE TEMPORARY TABLE "aoauth_access_tokens" ("id" integer NOT NULL PRIMARY KEY, "resource_owner_id" integer DEFAULT NULL, "application_id" integer NOT NULL, "token" varchar NOT NULL, "refresh_token" varchar DEFAULT NULL, "expires_in" integer DEFAULT NULL, "revoked_at" datetime(6) DEFAULT NULL, "created_at" datetime(6) NOT NULL, "scopes" varchar DEFAULT NULL, "previous_refresh_token" varchar DEFAULT '' NOT NULL)[0m
  [1m[35m (0.1ms)[0m  [1m[35mCREATE UNIQUE INDEX "tindex_aoauth_access_tokens_on_refresh_token" ON "aoauth_access_tokens" ("refresh_token")[0m
  [1m[35m (0.2ms)[0m  [1m[35mCREATE UNIQUE INDEX "tindex_aoauth_access_tokens_on_token" ON "aoauth_access_tokens" ("token")[0m
  [1m[35m (0.1ms)[0m  [1m[35mCREATE INDEX "tindex_aoauth_access_tokens_on_application_id" ON "aoauth_access_tokens" ("application_id")[0m
  [1m[35m (0.2ms)[0m  [1m[35mCREATE INDEX "tindex_aoauth_access_tokens_on_resource_owner_id" ON "aoauth_access_tokens" ("resource_owner_id")[0m
  [1m[35m (0.1ms)[0m  [1m[32mINSERT INTO "aoauth_access_tokens" ("id","resource_owner_id","application_id","token","refresh_token","expires_in","revoked_at","created_at","scopes","previous_refresh_token")
                     SELECT "id","resource_owner_id","application_id","token","refresh_token","expires_in","revoked_at","created_at","scopes","previous_refresh_token" FROM "oauth_access_tokens"[0m
  [1m[35m (0.6ms)[0m  [1m[35mDROP TABLE "oauth_access_tokens"[0m
  [1m[35m (0.1ms)[0m  [1m[35mCREATE TABLE "oauth_access_tokens" ("id" integer NOT NULL PRIMARY KEY, "resource_owner_id" integer DEFAULT NULL, "application_id" integer NOT NULL, "token" varchar NOT NULL, "refresh_token" varchar DEFAULT NULL, "expires_in" integer DEFAULT NULL, "revoked_at" datetime(6) DEFAULT NULL, "created_at" datetime(6) NOT NULL, "scopes" varchar DEFAULT NULL, "previous_refresh_token" varchar DEFAULT '' NOT NULL, CONSTRAINT "fk_rails_732cb83ab7"
FOREIGN KEY ("application_id")
  REFERENCES "oauth_applications" ("id")
)[0m
  [1m[35m (0.1ms)[0m  [1m[35mCREATE INDEX "index_oauth_access_tokens_on_resource_owner_id" ON "oauth_access_tokens" ("resource_owner_id")[0m
  [1m[35m (0.1ms)[0m  [1m[35mCREATE INDEX "index_oauth_access_tokens_on_application_id" ON "oauth_access_tokens" ("application_id")[0m
  [1m[35m (0.1ms)[0m  [1m[35mCREATE UNIQUE INDEX "index_oauth_access_tokens_on_token" ON "oauth_access_tokens" ("token")[0m
  [1m[35m (0.1ms)[0m  [1m[35mCREATE UNIQUE INDEX "index_oauth_access_tokens_on_refresh_token" ON "oauth_access_tokens" ("refresh_token")[0m
  [1m[35m (0.2ms)[0m  [1m[32mINSERT INTO "oauth_access_tokens" ("id","resource_owner_id","application_id","token","refresh_token","expires_in","revoked_at","created_at","scopes","previous_refresh_token")
                     SELECT "id","resource_owner_id","application_id","token","refresh_token","expires_in","revoked_at","created_at","scopes","previous_refresh_token" FROM "aoauth_access_tokens"[0m
  [1m[35m (0.4ms)[0m  [1m[35mDROP TABLE "aoauth_access_tokens"[0m
  [1m[35m (0.0ms)[0m  [1m[35mPRAGMA defer_foreign_keys = 0[0m
  [1m[35m (0.0ms)[0m  [1m[35mPRAGMA foreign_keys = 1[0m
  [1m[36mActiveRecord::SchemaMigration Create (0.2ms)[0m  [1m[32mINSERT INTO "schema_migrations" ("version") VALUES (?)[0m  [["version", "20220912203659"]]
  [1m[36mTRANSACTION (9.3ms)[0m  [1m[36mcommit transaction[0m
Migrating to DeviseCreateUsers (20220913134049)
  [1m[36mTRANSACTION (0.1ms)[0m  [1m[36mbegin transaction[0m
  [1m[35m (0.7ms)[0m  [1m[35mCREATE TABLE "users" ("id" integer PRIMARY KEY AUTOINCREMENT NOT NULL, "email" varchar DEFAULT '' NOT NULL, "encrypted_password" varchar DEFAULT '' NOT NULL, "reset_password_token" varchar, "reset_password_sent_at" datetime(6), "remember_created_at" datetime(6), "created_at" datetime(6) NOT NULL, "updated_at" datetime(6) NOT NULL)[0m
  [1m[35m (0.2ms)[0m  [1m[35mCREATE UNIQUE INDEX "index_users_on_email" ON "users" ("email")[0m
  [1m[35m (0.6ms)[0m  [1m[35mCREATE UNIQUE INDEX "index_users_on_reset_password_token" ON "users" ("reset_password_token")[0m
  [1m[36mActiveRecord::SchemaMigration Create (0.1ms)[0m  [1m[32mINSERT INTO "schema_migrations" ("version") VALUES (?)[0m  [["version", "20220913134049"]]
  [1m[36mTRANSACTION (3.3ms)[0m  [1m[36mcommit transaction[0m
Migrating to CreateReports (20230112121207)
  [1m[36mTRANSACTION (0.1ms)[0m  [1m[36mbegin transaction[0m
  [1m[35m (0.6ms)[0m  [1m[35mCREATE TABLE "reports" ("id" integer PRIMARY KEY AUTOINCREMENT NOT NULL, "reportable_type" varchar NOT NULL, "reportable_id" integer NOT NULL, "reason" varchar NOT NULL, "description" text, "user_id" integer NOT NULL, "created_at" datetime(6) NOT NULL, "updated_at" datetime(6) NOT NULL, CONSTRAINT "fk_rails_c7699d537d"
FOREIGN KEY ("user_id")
  REFERENCES "users" ("id")
)[0m
  [1m[35m (0.1ms)[0m  [1m[35mCREATE INDEX "index_reports_on_reportable" ON "reports" ("reportable_type", "reportable_id")[0m
  [1m[35m (0.1ms)[0m  [1m[35mCREATE INDEX "index_reports_on_user_id" ON "reports" ("user_id")[0m
  [1m[35m (0.1ms)[0m  [1m[35mCREATE UNIQUE INDEX "index_reports_on_user_id_and_reportable_type_and_reportable_id" ON "reports" ("user_id", "reportable_type", "reportable_id")[0m
  [1m[35m (0.1ms)[0m  [1m[35mCREATE INDEX "index_reports_on_user_id" ON "reports" ("user_id")[0m
  [1m[36mTRANSACTION (0.4ms)[0m  [1m[31mrollback transaction[0m
  [1m[36mActiveRecord::SchemaMigration Pluck (0.2ms)[0m  [1m[34mSELECT "schema_migrations"."version" FROM "schema_migrations" ORDER BY "schema_migrations"."version" ASC[0m
Migrating to CreateReports (20230112121207)
  [1m[36mTRANSACTION (0.1ms)[0m  [1m[36mbegin transaction[0m
  [1m[35m (0.5ms)[0m  [1m[35mCREATE TABLE "reports" ("id" integer PRIMARY KEY AUTOINCREMENT NOT NULL, "reportable_type" varchar NOT NULL, "reportable_id" integer NOT NULL, "reason" varchar NOT NULL, "description" text, "user_id" integer NOT NULL, "created_at" datetime(6) NOT NULL, "updated_at" datetime(6) NOT NULL, CONSTRAINT "fk_rails_c7699d537d"
FOREIGN KEY ("user_id")
  REFERENCES "users" ("id")
)[0m
  [1m[35m (0.1ms)[0m  [1m[35mCREATE INDEX "index_reports_on_reportable" ON "reports" ("reportable_type", "reportable_id")[0m
  [1m[35m (0.1ms)[0m  [1m[35mCREATE INDEX "index_reports_on_user_id" ON "reports" ("user_id")[0m
  [1m[35m (0.2ms)[0m  [1m[35mCREATE UNIQUE INDEX "index_reports_on_user_id_and_reportable_type_and_reportable_id" ON "reports" ("user_id", "reportable_type", "reportable_id")[0m
  [1m[35m (0.1ms)[0m  [1m[35mCREATE INDEX "index_reports_on_reportable_type_and_reportable_id" ON "reports" ("reportable_type", "reportable_id")[0m
  [1m[36mActiveRecord::SchemaMigration Create (0.2ms)[0m  [1m[32mINSERT INTO "schema_migrations" ("version") VALUES (?)[0m  [["version", "20230112121207"]]
  [1m[36mTRANSACTION (2.3ms)[0m  [1m[36mcommit transaction[0m
  [1m[36mActiveRecord::InternalMetadata Load (0.1ms)[0m  [1m[34mSELECT "ar_internal_metadata".* FROM "ar_internal_metadata" WHERE "ar_internal_metadata"."key" = ? LIMIT ?[0m  [["key", "environment"], ["LIMIT", 1]]
  [1m[36mTRANSACTION (0.1ms)[0m  [1m[36mbegin transaction[0m
  [1m[36mActiveRecord::InternalMetadata Create (0.3ms)[0m  [1m[32mINSERT INTO "ar_internal_metadata" ("key", "value", "created_at", "updated_at") VALUES (?, ?, ?, ?)[0m  [["key", "environment"], ["value", "development"], ["created_at", "2023-01-12 18:04:24.474860"], ["updated_at", "2023-01-12 18:04:24.474860"]]
  [1m[36mTRANSACTION (1.0ms)[0m  [1m[36mcommit transaction[0m
  [1m[36mActiveRecord::SchemaMigration Pluck (0.1ms)[0m  [1m[34mSELECT "schema_migrations"."version" FROM "schema_migrations" ORDER BY "schema_migrations"."version" ASC[0m
  [1m[36mUser Load (0.1ms)[0m  [1m[34mSELECT "users".* FROM "users" ORDER BY "users"."id" ASC LIMIT ?[0m  [["LIMIT", 1]]
  [1m[36mUser Load (0.2ms)[0m  [1m[34mSELECT "users".* FROM "users" ORDER BY "users"."id" ASC LIMIT ?[0m  [["LIMIT", 1]]
  [1m[36mTRANSACTION (0.1ms)[0m  [1m[36mbegin transaction[0m
  [1m[36mUser Exists? (0.2ms)[0m  [1m[34mSELECT 1 AS one FROM "users" WHERE "users"."email" = ? LIMIT ?[0m  [["email", "bla@gmail.com"], ["LIMIT", 1]]
  [1m[36mTRANSACTION (0.1ms)[0m  [1m[31mrollback transaction[0m
  [1m[36mTRANSACTION (0.1ms)[0m  [1m[36mbegin transaction[0m
  [1m[36mUser Exists? (0.2ms)[0m  [1m[34mSELECT 1 AS one FROM "users" WHERE "users"."email" = ? LIMIT ?[0m  [["email", "bla@gmail.com"], ["LIMIT", 1]]
  [1m[36mTRANSACTION (0.1ms)[0m  [1m[31mrollback transaction[0m
  [1m[36mTRANSACTION (0.1ms)[0m  [1m[36mbegin transaction[0m
  [1m[36mUser Exists? (0.2ms)[0m  [1m[34mSELECT 1 AS one FROM "users" WHERE "users"."email" = ? LIMIT ?[0m  [["email", "bla@gmail.com"], ["LIMIT", 1]]
  [1m[36mTRANSACTION (0.1ms)[0m  [1m[31mrollback transaction[0m
  [1m[36mTRANSACTION (0.1ms)[0m  [1m[36mbegin transaction[0m
  [1m[36mUser Exists? (0.2ms)[0m  [1m[34mSELECT 1 AS one FROM "users" WHERE "users"."email" = ? LIMIT ?[0m  [["email", "bla@gmail.com"], ["LIMIT", 1]]
  [1m[36mUser Create (0.5ms)[0m  [1m[32mINSERT INTO "users" ("email", "encrypted_password", "reset_password_token", "reset_password_sent_at", "remember_created_at", "created_at", "updated_at") VALUES (?, ?, ?, ?, ?, ?, ?)[0m  [["email", "bla@gmail.com"], ["encrypted_password", "[FILTERED]"], ["reset_password_token", "[FILTERED]"], ["reset_password_sent_at", "[FILTERED]"], ["remember_created_at", nil], ["created_at", "2023-01-12 18:05:45.400584"], ["updated_at", "2023-01-12 18:05:45.400584"]]
  [1m[36mTRANSACTION (2.4ms)[0m  [1m[36mcommit transaction[0m
  [1m[36mUser Load (0.2ms)[0m  [1m[34mSELECT "users".* FROM "users" ORDER BY "users"."id" ASC LIMIT ?[0m  [["LIMIT", 1]]
  [1m[36mReport Load (0.7ms)[0m  [1m[34mSELECT "reports".* FROM "reports" WHERE "reports"."reportable_id" = ? AND "reports"."reportable_type" = ? /* loading for inspect */ LIMIT ?[0m  [["reportable_id", 1], ["reportable_type", "User"], ["LIMIT", 11]]
  [1m[36mUser Load (0.8ms)[0m  [1m[34mSELECT "users".* FROM "users" WHERE "users"."id" = ? LIMIT ?[0m  [["id", 1], ["LIMIT", 1]]
  [1m[36mUser Load (0.2ms)[0m  [1m[34mSELECT "users".* FROM "users" WHERE "users"."id" = ? LIMIT ?[0m  [["id", 1231], ["LIMIT", 1]]
  [1m[36mUser Load (0.2ms)[0m  [1m[34mSELECT "users".* FROM "users" WHERE "users"."id" = ? LIMIT ?[0m  [["id", 1231], ["LIMIT", 1]]
  [1m[36mUser Load (0.6ms)[0m  [1m[34mSELECT "users".* FROM "users" ORDER BY "users"."id" ASC LIMIT ?[0m  [["LIMIT", 1]]
